<?xml version="1.0" encoding="UTF-8"?>
<!-- Generated by org.testng.reporters.JUnitXMLReporter -->
<testsuite ignored="0" hostname="Jui" failures="0" tests="3" name="Test" time="5.033" errors="0" timestamp="2020-09-14T00:00:02 IST">
  <testcase classname="amazon.framework.testcases.BaseClass" name="@BeforeClass setup" time="4.812">
    <failure type="org.openqa.selenium.SessionNotCreatedException" message="session not created: This version of ChromeDriver only supports Chrome version 83
Build info: version: &amp;apos;3.141.59&amp;apos;, revision: &amp;apos;e82be7d358&amp;apos;, time: &amp;apos;2018-11-14T08:17:03&amp;apos;
System info: host: &amp;apos;JUI&amp;apos;, ip: &amp;apos;192.168.56.1&amp;apos;, os.name: &amp;apos;Windows 8.1&amp;apos;, os.arch: &amp;apos;amd64&amp;apos;, os.version: &amp;apos;6.3&amp;apos;, java.version: &amp;apos;11.0.7&amp;apos;
Driver info: driver.version: ChromeDriver
remote stacktrace: Backtrace:
	Ordinal0 [0x013A9563+2725219]
	Ordinal0 [0x012A8551+1672529]
	Ordinal0 [0x01190359+525145]
	Ordinal0 [0x01120B77+68471]
	Ordinal0 [0x0111D32C+54060]
	Ordinal0 [0x0113CC37+183351]
	Ordinal0 [0x0113CA3D+182845]
	Ordinal0 [0x0113A94B+174411]
	Ordinal0 [0x01122528+75048]
	Ordinal0 [0x011235A0+79264]
	Ordinal0 [0x01123539+79161]
	Ordinal0 [0x012BD607+1758727]
	GetHandleVerifier [0x014C6546+1050150]
	GetHandleVerifier [0x014C6291+1049457]
	GetHandleVerifier [0x014D10D7+1094071]
	GetHandleVerifier [0x014C6B46+1051686]
	Ordinal0 [0x012B5B06+1727238]
	Ordinal0 [0x012BEB7B+1764219]
	Ordinal0 [0x012BECE3+1764579]
	Ordinal0 [0x012D4C05+1854469]
	BaseThreadInitThunk [0x75556A14+36]
	RtlInitializeExceptionChain [0x76F1AB4F+143]
	RtlInitializeExceptionChain [0x76F1AB1A+90]
">
      <![CDATA[org.openqa.selenium.SessionNotCreatedException: session not created: This version of ChromeDriver only supports Chrome version 83
Build info: version: '3.141.59', revision: 'e82be7d358', time: '2018-11-14T08:17:03'
System info: host: 'JUI', ip: '192.168.56.1', os.name: 'Windows 8.1', os.arch: 'amd64', os.version: '6.3', java.version: '11.0.7'
Driver info: driver.version: ChromeDriver
remote stacktrace: Backtrace:
Ordinal0 [0x013A9563+2725219]
Ordinal0 [0x012A8551+1672529]
Ordinal0 [0x01190359+525145]
Ordinal0 [0x01120B77+68471]
Ordinal0 [0x0111D32C+54060]
Ordinal0 [0x0113CC37+183351]
Ordinal0 [0x0113CA3D+182845]
Ordinal0 [0x0113A94B+174411]
Ordinal0 [0x01122528+75048]
Ordinal0 [0x011235A0+79264]
Ordinal0 [0x01123539+79161]
Ordinal0 [0x012BD607+1758727]
GetHandleVerifier [0x014C6546+1050150]
GetHandleVerifier [0x014C6291+1049457]
GetHandleVerifier [0x014D10D7+1094071]
GetHandleVerifier [0x014C6B46+1051686]
Ordinal0 [0x012B5B06+1727238]
Ordinal0 [0x012BEB7B+1764219]
Ordinal0 [0x012BECE3+1764579]
Ordinal0 [0x012D4C05+1854469]
BaseThreadInitThunk [0x75556A14+36]
RtlInitializeExceptionChain [0x76F1AB4F+143]
RtlInitializeExceptionChain [0x76F1AB1A+90]

at org.openqa.selenium.remote.W3CHandshakeResponse.lambda$errorHandler$0(W3CHandshakeResponse.java:62)
at org.openqa.selenium.remote.HandshakeResponse.lambda$getResponseFunction$0(HandshakeResponse.java:30)
at org.openqa.selenium.remote.ProtocolHandshake.lambda$createSession$0(ProtocolHandshake.java:126)
at java.base/java.util.stream.ReferencePipeline$3$1.accept(ReferencePipeline.java:195)
at java.base/java.util.Spliterators$ArraySpliterator.tryAdvance(Spliterators.java:958)
at java.base/java.util.stream.ReferencePipeline.forEachWithCancel(ReferencePipeline.java:127)
at java.base/java.util.stream.AbstractPipeline.copyIntoWithCancel(AbstractPipeline.java:502)
at java.base/java.util.stream.AbstractPipeline.copyInto(AbstractPipeline.java:488)
at java.base/java.util.stream.AbstractPipeline.wrapAndCopyInto(AbstractPipeline.java:474)
at java.base/java.util.stream.FindOps$FindOp.evaluateSequential(FindOps.java:150)
at java.base/java.util.stream.AbstractPipeline.evaluate(AbstractPipeline.java:234)
at java.base/java.util.stream.ReferencePipeline.findFirst(ReferencePipeline.java:543)
at org.openqa.selenium.remote.ProtocolHandshake.createSession(ProtocolHandshake.java:128)
at org.openqa.selenium.remote.ProtocolHandshake.createSession(ProtocolHandshake.java:74)
at org.openqa.selenium.remote.HttpCommandExecutor.execute(HttpCommandExecutor.java:136)
at org.openqa.selenium.remote.service.DriverCommandExecutor.execute(DriverCommandExecutor.java:83)
at org.openqa.selenium.remote.RemoteWebDriver.execute(RemoteWebDriver.java:552)
at org.openqa.selenium.remote.RemoteWebDriver.startSession(RemoteWebDriver.java:213)
at org.openqa.selenium.remote.RemoteWebDriver.<init>(RemoteWebDriver.java:131)
at org.openqa.selenium.chrome.ChromeDriver.<init>(ChromeDriver.java:181)
at org.openqa.selenium.chrome.ChromeDriver.<init>(ChromeDriver.java:168)
at org.openqa.selenium.chrome.ChromeDriver.<init>(ChromeDriver.java:123)
at amazon.framework.utility.BrowserFactory.startApplication(BrowserFactory.java:20)
at amazon.framework.testcases.BaseClass.setup(BaseClass.java:44)
at java.base/java.util.ArrayList.forEach(ArrayList.java:1540)
... Removed 29 stack frames]]>
    </failure>
  </testcase> <!-- @BeforeClass setup -->
  <testcase classname="amazon.framework.testcases.BaseClass" name="@AfterMethod tearDownMethod" time="-1.600021801994E9">
    <skipped/>
  </testcase> <!-- @AfterMethod tearDownMethod -->
  <testcase classname="amazon.framework.testcases.BaseClass" name="@AfterMethod tearDownMethod" time="-1.600021802031E9">
    <skipped/>
  </testcase> <!-- @AfterMethod tearDownMethod -->
  <testcase classname="amazon.framework.testcases.BaseClass" name="@AfterMethod tearDownMethod" time="-1.600021802058E9">
    <skipped/>
  </testcase> <!-- @AfterMethod tearDownMethod -->
  <testcase classname="amazon.framework.testcases.BaseClass" name="@AfterClass closeBrowser" time="-1.600021802066E9">
    <skipped/>
  </testcase> <!-- @AfterClass closeBrowser -->
  <testcase classname="amazon.framework.testcases.TestItemSearch" name="ItemSearchTest1" time="0.0">
    <skipped/>
  </testcase> <!-- ItemSearchTest1 -->
  <testcase classname="amazon.framework.testcases.TestItemSearch" name="ItemSearchTest2" time="0.0">
    <skipped/>
  </testcase> <!-- ItemSearchTest2 -->
  <testcase classname="amazon.framework.testcases.TestItemSearch" name="ItemSearchTest3" time="0.0">
    <skipped/>
  </testcase> <!-- ItemSearchTest3 -->
</testsuite> <!-- Test -->
