<?xml version="1.0" encoding="UTF-8"?>
<testng-results ignored="0" total="3" passed="0" failed="0" skipped="3">
  <reporter-output>
    <line>
      <![CDATA[Setting up reports and Test is getting ready]]>
    </line>
  </reporter-output>
  <suite started-at="2020-09-13T23:59:57 IST" name="Suite" finished-at="2020-09-14T00:00:02 IST" duration-ms="5033">
    <groups>
    </groups>
    <test started-at="2020-09-13T23:59:57 IST" name="Test" finished-at="2020-09-14T00:00:02 IST" duration-ms="5033">
      <class name="amazon.framework.testcases.TestItemSearch">
        <test-method is-config="true" signature="setup()[pri:0, instance:amazon.framework.testcases.TestItemSearch@f78a47e]" started-at="2020-09-13T23:59:57 IST" name="setup" finished-at="2020-09-14T00:00:01 IST" duration-ms="4812" status="FAIL">
          <exception class="org.openqa.selenium.SessionNotCreatedException">
            <message>
              <![CDATA[session not created: This version of ChromeDriver only supports Chrome version 83
Build info: version: '3.141.59', revision: 'e82be7d358', time: '2018-11-14T08:17:03'
System info: host: 'JUI', ip: '192.168.56.1', os.name: 'Windows 8.1', os.arch: 'amd64', os.version: '6.3', java.version: '11.0.7'
Driver info: driver.version: ChromeDriver
remote stacktrace: Backtrace:
Ordinal0 [0x013A9563+2725219]
Ordinal0 [0x012A8551+1672529]
Ordinal0 [0x01190359+525145]
Ordinal0 [0x01120B77+68471]
Ordinal0 [0x0111D32C+54060]
Ordinal0 [0x0113CC37+183351]
Ordinal0 [0x0113CA3D+182845]
Ordinal0 [0x0113A94B+174411]
Ordinal0 [0x01122528+75048]
Ordinal0 [0x011235A0+79264]
Ordinal0 [0x01123539+79161]
Ordinal0 [0x012BD607+1758727]
GetHandleVerifier [0x014C6546+1050150]
GetHandleVerifier [0x014C6291+1049457]
GetHandleVerifier [0x014D10D7+1094071]
GetHandleVerifier [0x014C6B46+1051686]
Ordinal0 [0x012B5B06+1727238]
Ordinal0 [0x012BEB7B+1764219]
Ordinal0 [0x012BECE3+1764579]
Ordinal0 [0x012D4C05+1854469]
BaseThreadInitThunk [0x75556A14+36]
RtlInitializeExceptionChain [0x76F1AB4F+143]
RtlInitializeExceptionChain [0x76F1AB1A+90]
]]>
            </message>
            <full-stacktrace>
              <![CDATA[org.openqa.selenium.SessionNotCreatedException: session not created: This version of ChromeDriver only supports Chrome version 83
Build info: version: '3.141.59', revision: 'e82be7d358', time: '2018-11-14T08:17:03'
System info: host: 'JUI', ip: '192.168.56.1', os.name: 'Windows 8.1', os.arch: 'amd64', os.version: '6.3', java.version: '11.0.7'
Driver info: driver.version: ChromeDriver
remote stacktrace: Backtrace:
Ordinal0 [0x013A9563+2725219]
Ordinal0 [0x012A8551+1672529]
Ordinal0 [0x01190359+525145]
Ordinal0 [0x01120B77+68471]
Ordinal0 [0x0111D32C+54060]
Ordinal0 [0x0113CC37+183351]
Ordinal0 [0x0113CA3D+182845]
Ordinal0 [0x0113A94B+174411]
Ordinal0 [0x01122528+75048]
Ordinal0 [0x011235A0+79264]
Ordinal0 [0x01123539+79161]
Ordinal0 [0x012BD607+1758727]
GetHandleVerifier [0x014C6546+1050150]
GetHandleVerifier [0x014C6291+1049457]
GetHandleVerifier [0x014D10D7+1094071]
GetHandleVerifier [0x014C6B46+1051686]
Ordinal0 [0x012B5B06+1727238]
Ordinal0 [0x012BEB7B+1764219]
Ordinal0 [0x012BECE3+1764579]
Ordinal0 [0x012D4C05+1854469]
BaseThreadInitThunk [0x75556A14+36]
RtlInitializeExceptionChain [0x76F1AB4F+143]
RtlInitializeExceptionChain [0x76F1AB1A+90]

at java.base/jdk.internal.reflect.NativeConstructorAccessorImpl.newInstance0(Native Method)
at java.base/jdk.internal.reflect.NativeConstructorAccessorImpl.newInstance(NativeConstructorAccessorImpl.java:62)
at java.base/jdk.internal.reflect.DelegatingConstructorAccessorImpl.newInstance(DelegatingConstructorAccessorImpl.java:45)
at java.base/java.lang.reflect.Constructor.newInstance(Constructor.java:490)
at org.openqa.selenium.remote.W3CHandshakeResponse.lambda$errorHandler$0(W3CHandshakeResponse.java:62)
at org.openqa.selenium.remote.HandshakeResponse.lambda$getResponseFunction$0(HandshakeResponse.java:30)
at org.openqa.selenium.remote.ProtocolHandshake.lambda$createSession$0(ProtocolHandshake.java:126)
at java.base/java.util.stream.ReferencePipeline$3$1.accept(ReferencePipeline.java:195)
at java.base/java.util.Spliterators$ArraySpliterator.tryAdvance(Spliterators.java:958)
at java.base/java.util.stream.ReferencePipeline.forEachWithCancel(ReferencePipeline.java:127)
at java.base/java.util.stream.AbstractPipeline.copyIntoWithCancel(AbstractPipeline.java:502)
at java.base/java.util.stream.AbstractPipeline.copyInto(AbstractPipeline.java:488)
at java.base/java.util.stream.AbstractPipeline.wrapAndCopyInto(AbstractPipeline.java:474)
at java.base/java.util.stream.FindOps$FindOp.evaluateSequential(FindOps.java:150)
at java.base/java.util.stream.AbstractPipeline.evaluate(AbstractPipeline.java:234)
at java.base/java.util.stream.ReferencePipeline.findFirst(ReferencePipeline.java:543)
at org.openqa.selenium.remote.ProtocolHandshake.createSession(ProtocolHandshake.java:128)
at org.openqa.selenium.remote.ProtocolHandshake.createSession(ProtocolHandshake.java:74)
at org.openqa.selenium.remote.HttpCommandExecutor.execute(HttpCommandExecutor.java:136)
at org.openqa.selenium.remote.service.DriverCommandExecutor.execute(DriverCommandExecutor.java:83)
at org.openqa.selenium.remote.RemoteWebDriver.execute(RemoteWebDriver.java:552)
at org.openqa.selenium.remote.RemoteWebDriver.startSession(RemoteWebDriver.java:213)
at org.openqa.selenium.remote.RemoteWebDriver.<init>(RemoteWebDriver.java:131)
at org.openqa.selenium.chrome.ChromeDriver.<init>(ChromeDriver.java:181)
at org.openqa.selenium.chrome.ChromeDriver.<init>(ChromeDriver.java:168)
at org.openqa.selenium.chrome.ChromeDriver.<init>(ChromeDriver.java:123)
at amazon.framework.utility.BrowserFactory.startApplication(BrowserFactory.java:20)
at amazon.framework.testcases.BaseClass.setup(BaseClass.java:44)
at java.base/jdk.internal.reflect.NativeMethodAccessorImpl.invoke0(Native Method)
at java.base/jdk.internal.reflect.NativeMethodAccessorImpl.invoke(NativeMethodAccessorImpl.java:62)
at java.base/jdk.internal.reflect.DelegatingMethodAccessorImpl.invoke(DelegatingMethodAccessorImpl.java:43)
at java.base/java.lang.reflect.Method.invoke(Method.java:566)
at org.testng.internal.MethodInvocationHelper.invokeMethod(MethodInvocationHelper.java:135)
at org.testng.internal.MethodInvocationHelper.invokeMethodConsideringTimeout(MethodInvocationHelper.java:64)
at org.testng.internal.ConfigInvoker.invokeConfigurationMethod(ConfigInvoker.java:364)
at org.testng.internal.ConfigInvoker.invokeConfigurations(ConfigInvoker.java:318)
at org.testng.internal.TestMethodWorker.invokeBeforeClassMethods(TestMethodWorker.java:176)
at org.testng.internal.TestMethodWorker.run(TestMethodWorker.java:122)
at java.base/java.util.ArrayList.forEach(ArrayList.java:1540)
at org.testng.TestRunner.privateRun(TestRunner.java:767)
at org.testng.TestRunner.run(TestRunner.java:588)
at org.testng.SuiteRunner.runTest(SuiteRunner.java:384)
at org.testng.SuiteRunner.runSequentially(SuiteRunner.java:378)
at org.testng.SuiteRunner.privateRun(SuiteRunner.java:337)
at org.testng.SuiteRunner.run(SuiteRunner.java:286)
at org.testng.SuiteRunnerWorker.runSuite(SuiteRunnerWorker.java:53)
at org.testng.SuiteRunnerWorker.run(SuiteRunnerWorker.java:96)
at org.testng.TestNG.runSuitesSequentially(TestNG.java:1214)
at org.testng.TestNG.runSuitesLocally(TestNG.java:1136)
at org.testng.TestNG.runSuites(TestNG.java:1066)
at org.testng.TestNG.run(TestNG.java:1034)
at org.testng.remote.AbstractRemoteTestNG.run(AbstractRemoteTestNG.java:115)
at org.testng.remote.RemoteTestNG.initAndRun(RemoteTestNG.java:251)
at org.testng.remote.RemoteTestNG.main(RemoteTestNG.java:77)
]]>
            </full-stacktrace>
          </exception> <!-- org.openqa.selenium.SessionNotCreatedException -->
          <reporter-output>
            <line>
              <![CDATA[Setting up reports and Test is getting ready]]>
            </line>
          </reporter-output>
        </test-method> <!-- setup -->
        <test-method signature="ItemSearchTest1()[pri:0, instance:amazon.framework.testcases.TestItemSearch@f78a47e]" started-at="2020-09-14T00:00:01 IST" name="ItemSearchTest1" finished-at="2020-09-14T00:00:01 IST" duration-ms="0" status="SKIP">
          <exception class="org.openqa.selenium.SessionNotCreatedException">
            <message>
              <![CDATA[session not created: This version of ChromeDriver only supports Chrome version 83
Build info: version: '3.141.59', revision: 'e82be7d358', time: '2018-11-14T08:17:03'
System info: host: 'JUI', ip: '192.168.56.1', os.name: 'Windows 8.1', os.arch: 'amd64', os.version: '6.3', java.version: '11.0.7'
Driver info: driver.version: ChromeDriver
remote stacktrace: Backtrace:
Ordinal0 [0x013A9563+2725219]
Ordinal0 [0x012A8551+1672529]
Ordinal0 [0x01190359+525145]
Ordinal0 [0x01120B77+68471]
Ordinal0 [0x0111D32C+54060]
Ordinal0 [0x0113CC37+183351]
Ordinal0 [0x0113CA3D+182845]
Ordinal0 [0x0113A94B+174411]
Ordinal0 [0x01122528+75048]
Ordinal0 [0x011235A0+79264]
Ordinal0 [0x01123539+79161]
Ordinal0 [0x012BD607+1758727]
GetHandleVerifier [0x014C6546+1050150]
GetHandleVerifier [0x014C6291+1049457]
GetHandleVerifier [0x014D10D7+1094071]
GetHandleVerifier [0x014C6B46+1051686]
Ordinal0 [0x012B5B06+1727238]
Ordinal0 [0x012BEB7B+1764219]
Ordinal0 [0x012BECE3+1764579]
Ordinal0 [0x012D4C05+1854469]
BaseThreadInitThunk [0x75556A14+36]
RtlInitializeExceptionChain [0x76F1AB4F+143]
RtlInitializeExceptionChain [0x76F1AB1A+90]
]]>
            </message>
            <full-stacktrace>
              <![CDATA[org.openqa.selenium.SessionNotCreatedException: session not created: This version of ChromeDriver only supports Chrome version 83
Build info: version: '3.141.59', revision: 'e82be7d358', time: '2018-11-14T08:17:03'
System info: host: 'JUI', ip: '192.168.56.1', os.name: 'Windows 8.1', os.arch: 'amd64', os.version: '6.3', java.version: '11.0.7'
Driver info: driver.version: ChromeDriver
remote stacktrace: Backtrace:
Ordinal0 [0x013A9563+2725219]
Ordinal0 [0x012A8551+1672529]
Ordinal0 [0x01190359+525145]
Ordinal0 [0x01120B77+68471]
Ordinal0 [0x0111D32C+54060]
Ordinal0 [0x0113CC37+183351]
Ordinal0 [0x0113CA3D+182845]
Ordinal0 [0x0113A94B+174411]
Ordinal0 [0x01122528+75048]
Ordinal0 [0x011235A0+79264]
Ordinal0 [0x01123539+79161]
Ordinal0 [0x012BD607+1758727]
GetHandleVerifier [0x014C6546+1050150]
GetHandleVerifier [0x014C6291+1049457]
GetHandleVerifier [0x014D10D7+1094071]
GetHandleVerifier [0x014C6B46+1051686]
Ordinal0 [0x012B5B06+1727238]
Ordinal0 [0x012BEB7B+1764219]
Ordinal0 [0x012BECE3+1764579]
Ordinal0 [0x012D4C05+1854469]
BaseThreadInitThunk [0x75556A14+36]
RtlInitializeExceptionChain [0x76F1AB4F+143]
RtlInitializeExceptionChain [0x76F1AB1A+90]

at java.base/jdk.internal.reflect.NativeConstructorAccessorImpl.newInstance0(Native Method)
at java.base/jdk.internal.reflect.NativeConstructorAccessorImpl.newInstance(NativeConstructorAccessorImpl.java:62)
at java.base/jdk.internal.reflect.DelegatingConstructorAccessorImpl.newInstance(DelegatingConstructorAccessorImpl.java:45)
at java.base/java.lang.reflect.Constructor.newInstance(Constructor.java:490)
at org.openqa.selenium.remote.W3CHandshakeResponse.lambda$errorHandler$0(W3CHandshakeResponse.java:62)
at org.openqa.selenium.remote.HandshakeResponse.lambda$getResponseFunction$0(HandshakeResponse.java:30)
at org.openqa.selenium.remote.ProtocolHandshake.lambda$createSession$0(ProtocolHandshake.java:126)
at java.base/java.util.stream.ReferencePipeline$3$1.accept(ReferencePipeline.java:195)
at java.base/java.util.Spliterators$ArraySpliterator.tryAdvance(Spliterators.java:958)
at java.base/java.util.stream.ReferencePipeline.forEachWithCancel(ReferencePipeline.java:127)
at java.base/java.util.stream.AbstractPipeline.copyIntoWithCancel(AbstractPipeline.java:502)
at java.base/java.util.stream.AbstractPipeline.copyInto(AbstractPipeline.java:488)
at java.base/java.util.stream.AbstractPipeline.wrapAndCopyInto(AbstractPipeline.java:474)
at java.base/java.util.stream.FindOps$FindOp.evaluateSequential(FindOps.java:150)
at java.base/java.util.stream.AbstractPipeline.evaluate(AbstractPipeline.java:234)
at java.base/java.util.stream.ReferencePipeline.findFirst(ReferencePipeline.java:543)
at org.openqa.selenium.remote.ProtocolHandshake.createSession(ProtocolHandshake.java:128)
at org.openqa.selenium.remote.ProtocolHandshake.createSession(ProtocolHandshake.java:74)
at org.openqa.selenium.remote.HttpCommandExecutor.execute(HttpCommandExecutor.java:136)
at org.openqa.selenium.remote.service.DriverCommandExecutor.execute(DriverCommandExecutor.java:83)
at org.openqa.selenium.remote.RemoteWebDriver.execute(RemoteWebDriver.java:552)
at org.openqa.selenium.remote.RemoteWebDriver.startSession(RemoteWebDriver.java:213)
at org.openqa.selenium.remote.RemoteWebDriver.<init>(RemoteWebDriver.java:131)
at org.openqa.selenium.chrome.ChromeDriver.<init>(ChromeDriver.java:181)
at org.openqa.selenium.chrome.ChromeDriver.<init>(ChromeDriver.java:168)
at org.openqa.selenium.chrome.ChromeDriver.<init>(ChromeDriver.java:123)
at amazon.framework.utility.BrowserFactory.startApplication(BrowserFactory.java:20)
at amazon.framework.testcases.BaseClass.setup(BaseClass.java:44)
at java.base/jdk.internal.reflect.NativeMethodAccessorImpl.invoke0(Native Method)
at java.base/jdk.internal.reflect.NativeMethodAccessorImpl.invoke(NativeMethodAccessorImpl.java:62)
at java.base/jdk.internal.reflect.DelegatingMethodAccessorImpl.invoke(DelegatingMethodAccessorImpl.java:43)
at java.base/java.lang.reflect.Method.invoke(Method.java:566)
at org.testng.internal.MethodInvocationHelper.invokeMethod(MethodInvocationHelper.java:135)
at org.testng.internal.MethodInvocationHelper.invokeMethodConsideringTimeout(MethodInvocationHelper.java:64)
at org.testng.internal.ConfigInvoker.invokeConfigurationMethod(ConfigInvoker.java:364)
at org.testng.internal.ConfigInvoker.invokeConfigurations(ConfigInvoker.java:318)
at org.testng.internal.TestMethodWorker.invokeBeforeClassMethods(TestMethodWorker.java:176)
at org.testng.internal.TestMethodWorker.run(TestMethodWorker.java:122)
at java.base/java.util.ArrayList.forEach(ArrayList.java:1540)
at org.testng.TestRunner.privateRun(TestRunner.java:767)
at org.testng.TestRunner.run(TestRunner.java:588)
at org.testng.SuiteRunner.runTest(SuiteRunner.java:384)
at org.testng.SuiteRunner.runSequentially(SuiteRunner.java:378)
at org.testng.SuiteRunner.privateRun(SuiteRunner.java:337)
at org.testng.SuiteRunner.run(SuiteRunner.java:286)
at org.testng.SuiteRunnerWorker.runSuite(SuiteRunnerWorker.java:53)
at org.testng.SuiteRunnerWorker.run(SuiteRunnerWorker.java:96)
at org.testng.TestNG.runSuitesSequentially(TestNG.java:1214)
at org.testng.TestNG.runSuitesLocally(TestNG.java:1136)
at org.testng.TestNG.runSuites(TestNG.java:1066)
at org.testng.TestNG.run(TestNG.java:1034)
at org.testng.remote.AbstractRemoteTestNG.run(AbstractRemoteTestNG.java:115)
at org.testng.remote.RemoteTestNG.initAndRun(RemoteTestNG.java:251)
at org.testng.remote.RemoteTestNG.main(RemoteTestNG.java:77)
]]>
            </full-stacktrace>
          </exception> <!-- org.openqa.selenium.SessionNotCreatedException -->
          <reporter-output>
          </reporter-output>
        </test-method> <!-- ItemSearchTest1 -->
        <test-method is-config="true" signature="tearDownMethod(org.testng.ITestResult)[pri:0, instance:amazon.framework.testcases.TestItemSearch@f78a47e]" started-at="2020-09-14T00:00:01 IST" name="tearDownMethod" finished-at="1970-01-01T05:30:00 IST" duration-ms="-1600021801994" status="SKIP">
          <reporter-output>
          </reporter-output>
        </test-method> <!-- tearDownMethod -->
        <test-method signature="ItemSearchTest2()[pri:0, instance:amazon.framework.testcases.TestItemSearch@f78a47e]" started-at="2020-09-14T00:00:02 IST" name="ItemSearchTest2" finished-at="2020-09-14T00:00:02 IST" duration-ms="0" status="SKIP">
          <exception class="org.openqa.selenium.SessionNotCreatedException">
            <message>
              <![CDATA[session not created: This version of ChromeDriver only supports Chrome version 83
Build info: version: '3.141.59', revision: 'e82be7d358', time: '2018-11-14T08:17:03'
System info: host: 'JUI', ip: '192.168.56.1', os.name: 'Windows 8.1', os.arch: 'amd64', os.version: '6.3', java.version: '11.0.7'
Driver info: driver.version: ChromeDriver
remote stacktrace: Backtrace:
Ordinal0 [0x013A9563+2725219]
Ordinal0 [0x012A8551+1672529]
Ordinal0 [0x01190359+525145]
Ordinal0 [0x01120B77+68471]
Ordinal0 [0x0111D32C+54060]
Ordinal0 [0x0113CC37+183351]
Ordinal0 [0x0113CA3D+182845]
Ordinal0 [0x0113A94B+174411]
Ordinal0 [0x01122528+75048]
Ordinal0 [0x011235A0+79264]
Ordinal0 [0x01123539+79161]
Ordinal0 [0x012BD607+1758727]
GetHandleVerifier [0x014C6546+1050150]
GetHandleVerifier [0x014C6291+1049457]
GetHandleVerifier [0x014D10D7+1094071]
GetHandleVerifier [0x014C6B46+1051686]
Ordinal0 [0x012B5B06+1727238]
Ordinal0 [0x012BEB7B+1764219]
Ordinal0 [0x012BECE3+1764579]
Ordinal0 [0x012D4C05+1854469]
BaseThreadInitThunk [0x75556A14+36]
RtlInitializeExceptionChain [0x76F1AB4F+143]
RtlInitializeExceptionChain [0x76F1AB1A+90]
]]>
            </message>
            <full-stacktrace>
              <![CDATA[org.openqa.selenium.SessionNotCreatedException: session not created: This version of ChromeDriver only supports Chrome version 83
Build info: version: '3.141.59', revision: 'e82be7d358', time: '2018-11-14T08:17:03'
System info: host: 'JUI', ip: '192.168.56.1', os.name: 'Windows 8.1', os.arch: 'amd64', os.version: '6.3', java.version: '11.0.7'
Driver info: driver.version: ChromeDriver
remote stacktrace: Backtrace:
Ordinal0 [0x013A9563+2725219]
Ordinal0 [0x012A8551+1672529]
Ordinal0 [0x01190359+525145]
Ordinal0 [0x01120B77+68471]
Ordinal0 [0x0111D32C+54060]
Ordinal0 [0x0113CC37+183351]
Ordinal0 [0x0113CA3D+182845]
Ordinal0 [0x0113A94B+174411]
Ordinal0 [0x01122528+75048]
Ordinal0 [0x011235A0+79264]
Ordinal0 [0x01123539+79161]
Ordinal0 [0x012BD607+1758727]
GetHandleVerifier [0x014C6546+1050150]
GetHandleVerifier [0x014C6291+1049457]
GetHandleVerifier [0x014D10D7+1094071]
GetHandleVerifier [0x014C6B46+1051686]
Ordinal0 [0x012B5B06+1727238]
Ordinal0 [0x012BEB7B+1764219]
Ordinal0 [0x012BECE3+1764579]
Ordinal0 [0x012D4C05+1854469]
BaseThreadInitThunk [0x75556A14+36]
RtlInitializeExceptionChain [0x76F1AB4F+143]
RtlInitializeExceptionChain [0x76F1AB1A+90]

at java.base/jdk.internal.reflect.NativeConstructorAccessorImpl.newInstance0(Native Method)
at java.base/jdk.internal.reflect.NativeConstructorAccessorImpl.newInstance(NativeConstructorAccessorImpl.java:62)
at java.base/jdk.internal.reflect.DelegatingConstructorAccessorImpl.newInstance(DelegatingConstructorAccessorImpl.java:45)
at java.base/java.lang.reflect.Constructor.newInstance(Constructor.java:490)
at org.openqa.selenium.remote.W3CHandshakeResponse.lambda$errorHandler$0(W3CHandshakeResponse.java:62)
at org.openqa.selenium.remote.HandshakeResponse.lambda$getResponseFunction$0(HandshakeResponse.java:30)
at org.openqa.selenium.remote.ProtocolHandshake.lambda$createSession$0(ProtocolHandshake.java:126)
at java.base/java.util.stream.ReferencePipeline$3$1.accept(ReferencePipeline.java:195)
at java.base/java.util.Spliterators$ArraySpliterator.tryAdvance(Spliterators.java:958)
at java.base/java.util.stream.ReferencePipeline.forEachWithCancel(ReferencePipeline.java:127)
at java.base/java.util.stream.AbstractPipeline.copyIntoWithCancel(AbstractPipeline.java:502)
at java.base/java.util.stream.AbstractPipeline.copyInto(AbstractPipeline.java:488)
at java.base/java.util.stream.AbstractPipeline.wrapAndCopyInto(AbstractPipeline.java:474)
at java.base/java.util.stream.FindOps$FindOp.evaluateSequential(FindOps.java:150)
at java.base/java.util.stream.AbstractPipeline.evaluate(AbstractPipeline.java:234)
at java.base/java.util.stream.ReferencePipeline.findFirst(ReferencePipeline.java:543)
at org.openqa.selenium.remote.ProtocolHandshake.createSession(ProtocolHandshake.java:128)
at org.openqa.selenium.remote.ProtocolHandshake.createSession(ProtocolHandshake.java:74)
at org.openqa.selenium.remote.HttpCommandExecutor.execute(HttpCommandExecutor.java:136)
at org.openqa.selenium.remote.service.DriverCommandExecutor.execute(DriverCommandExecutor.java:83)
at org.openqa.selenium.remote.RemoteWebDriver.execute(RemoteWebDriver.java:552)
at org.openqa.selenium.remote.RemoteWebDriver.startSession(RemoteWebDriver.java:213)
at org.openqa.selenium.remote.RemoteWebDriver.<init>(RemoteWebDriver.java:131)
at org.openqa.selenium.chrome.ChromeDriver.<init>(ChromeDriver.java:181)
at org.openqa.selenium.chrome.ChromeDriver.<init>(ChromeDriver.java:168)
at org.openqa.selenium.chrome.ChromeDriver.<init>(ChromeDriver.java:123)
at amazon.framework.utility.BrowserFactory.startApplication(BrowserFactory.java:20)
at amazon.framework.testcases.BaseClass.setup(BaseClass.java:44)
at java.base/jdk.internal.reflect.NativeMethodAccessorImpl.invoke0(Native Method)
at java.base/jdk.internal.reflect.NativeMethodAccessorImpl.invoke(NativeMethodAccessorImpl.java:62)
at java.base/jdk.internal.reflect.DelegatingMethodAccessorImpl.invoke(DelegatingMethodAccessorImpl.java:43)
at java.base/java.lang.reflect.Method.invoke(Method.java:566)
at org.testng.internal.MethodInvocationHelper.invokeMethod(MethodInvocationHelper.java:135)
at org.testng.internal.MethodInvocationHelper.invokeMethodConsideringTimeout(MethodInvocationHelper.java:64)
at org.testng.internal.ConfigInvoker.invokeConfigurationMethod(ConfigInvoker.java:364)
at org.testng.internal.ConfigInvoker.invokeConfigurations(ConfigInvoker.java:318)
at org.testng.internal.TestMethodWorker.invokeBeforeClassMethods(TestMethodWorker.java:176)
at org.testng.internal.TestMethodWorker.run(TestMethodWorker.java:122)
at java.base/java.util.ArrayList.forEach(ArrayList.java:1540)
at org.testng.TestRunner.privateRun(TestRunner.java:767)
at org.testng.TestRunner.run(TestRunner.java:588)
at org.testng.SuiteRunner.runTest(SuiteRunner.java:384)
at org.testng.SuiteRunner.runSequentially(SuiteRunner.java:378)
at org.testng.SuiteRunner.privateRun(SuiteRunner.java:337)
at org.testng.SuiteRunner.run(SuiteRunner.java:286)
at org.testng.SuiteRunnerWorker.runSuite(SuiteRunnerWorker.java:53)
at org.testng.SuiteRunnerWorker.run(SuiteRunnerWorker.java:96)
at org.testng.TestNG.runSuitesSequentially(TestNG.java:1214)
at org.testng.TestNG.runSuitesLocally(TestNG.java:1136)
at org.testng.TestNG.runSuites(TestNG.java:1066)
at org.testng.TestNG.run(TestNG.java:1034)
at org.testng.remote.AbstractRemoteTestNG.run(AbstractRemoteTestNG.java:115)
at org.testng.remote.RemoteTestNG.initAndRun(RemoteTestNG.java:251)
at org.testng.remote.RemoteTestNG.main(RemoteTestNG.java:77)
]]>
            </full-stacktrace>
          </exception> <!-- org.openqa.selenium.SessionNotCreatedException -->
          <reporter-output>
          </reporter-output>
        </test-method> <!-- ItemSearchTest2 -->
        <test-method is-config="true" signature="tearDownMethod(org.testng.ITestResult)[pri:0, instance:amazon.framework.testcases.TestItemSearch@f78a47e]" started-at="2020-09-14T00:00:02 IST" name="tearDownMethod" finished-at="1970-01-01T05:30:00 IST" duration-ms="-1600021802031" status="SKIP">
          <reporter-output>
          </reporter-output>
        </test-method> <!-- tearDownMethod -->
        <test-method signature="ItemSearchTest3()[pri:0, instance:amazon.framework.testcases.TestItemSearch@f78a47e]" started-at="2020-09-14T00:00:02 IST" name="ItemSearchTest3" finished-at="2020-09-14T00:00:02 IST" duration-ms="0" status="SKIP">
          <exception class="org.openqa.selenium.SessionNotCreatedException">
            <message>
              <![CDATA[session not created: This version of ChromeDriver only supports Chrome version 83
Build info: version: '3.141.59', revision: 'e82be7d358', time: '2018-11-14T08:17:03'
System info: host: 'JUI', ip: '192.168.56.1', os.name: 'Windows 8.1', os.arch: 'amd64', os.version: '6.3', java.version: '11.0.7'
Driver info: driver.version: ChromeDriver
remote stacktrace: Backtrace:
Ordinal0 [0x013A9563+2725219]
Ordinal0 [0x012A8551+1672529]
Ordinal0 [0x01190359+525145]
Ordinal0 [0x01120B77+68471]
Ordinal0 [0x0111D32C+54060]
Ordinal0 [0x0113CC37+183351]
Ordinal0 [0x0113CA3D+182845]
Ordinal0 [0x0113A94B+174411]
Ordinal0 [0x01122528+75048]
Ordinal0 [0x011235A0+79264]
Ordinal0 [0x01123539+79161]
Ordinal0 [0x012BD607+1758727]
GetHandleVerifier [0x014C6546+1050150]
GetHandleVerifier [0x014C6291+1049457]
GetHandleVerifier [0x014D10D7+1094071]
GetHandleVerifier [0x014C6B46+1051686]
Ordinal0 [0x012B5B06+1727238]
Ordinal0 [0x012BEB7B+1764219]
Ordinal0 [0x012BECE3+1764579]
Ordinal0 [0x012D4C05+1854469]
BaseThreadInitThunk [0x75556A14+36]
RtlInitializeExceptionChain [0x76F1AB4F+143]
RtlInitializeExceptionChain [0x76F1AB1A+90]
]]>
            </message>
            <full-stacktrace>
              <![CDATA[org.openqa.selenium.SessionNotCreatedException: session not created: This version of ChromeDriver only supports Chrome version 83
Build info: version: '3.141.59', revision: 'e82be7d358', time: '2018-11-14T08:17:03'
System info: host: 'JUI', ip: '192.168.56.1', os.name: 'Windows 8.1', os.arch: 'amd64', os.version: '6.3', java.version: '11.0.7'
Driver info: driver.version: ChromeDriver
remote stacktrace: Backtrace:
Ordinal0 [0x013A9563+2725219]
Ordinal0 [0x012A8551+1672529]
Ordinal0 [0x01190359+525145]
Ordinal0 [0x01120B77+68471]
Ordinal0 [0x0111D32C+54060]
Ordinal0 [0x0113CC37+183351]
Ordinal0 [0x0113CA3D+182845]
Ordinal0 [0x0113A94B+174411]
Ordinal0 [0x01122528+75048]
Ordinal0 [0x011235A0+79264]
Ordinal0 [0x01123539+79161]
Ordinal0 [0x012BD607+1758727]
GetHandleVerifier [0x014C6546+1050150]
GetHandleVerifier [0x014C6291+1049457]
GetHandleVerifier [0x014D10D7+1094071]
GetHandleVerifier [0x014C6B46+1051686]
Ordinal0 [0x012B5B06+1727238]
Ordinal0 [0x012BEB7B+1764219]
Ordinal0 [0x012BECE3+1764579]
Ordinal0 [0x012D4C05+1854469]
BaseThreadInitThunk [0x75556A14+36]
RtlInitializeExceptionChain [0x76F1AB4F+143]
RtlInitializeExceptionChain [0x76F1AB1A+90]

at java.base/jdk.internal.reflect.NativeConstructorAccessorImpl.newInstance0(Native Method)
at java.base/jdk.internal.reflect.NativeConstructorAccessorImpl.newInstance(NativeConstructorAccessorImpl.java:62)
at java.base/jdk.internal.reflect.DelegatingConstructorAccessorImpl.newInstance(DelegatingConstructorAccessorImpl.java:45)
at java.base/java.lang.reflect.Constructor.newInstance(Constructor.java:490)
at org.openqa.selenium.remote.W3CHandshakeResponse.lambda$errorHandler$0(W3CHandshakeResponse.java:62)
at org.openqa.selenium.remote.HandshakeResponse.lambda$getResponseFunction$0(HandshakeResponse.java:30)
at org.openqa.selenium.remote.ProtocolHandshake.lambda$createSession$0(ProtocolHandshake.java:126)
at java.base/java.util.stream.ReferencePipeline$3$1.accept(ReferencePipeline.java:195)
at java.base/java.util.Spliterators$ArraySpliterator.tryAdvance(Spliterators.java:958)
at java.base/java.util.stream.ReferencePipeline.forEachWithCancel(ReferencePipeline.java:127)
at java.base/java.util.stream.AbstractPipeline.copyIntoWithCancel(AbstractPipeline.java:502)
at java.base/java.util.stream.AbstractPipeline.copyInto(AbstractPipeline.java:488)
at java.base/java.util.stream.AbstractPipeline.wrapAndCopyInto(AbstractPipeline.java:474)
at java.base/java.util.stream.FindOps$FindOp.evaluateSequential(FindOps.java:150)
at java.base/java.util.stream.AbstractPipeline.evaluate(AbstractPipeline.java:234)
at java.base/java.util.stream.ReferencePipeline.findFirst(ReferencePipeline.java:543)
at org.openqa.selenium.remote.ProtocolHandshake.createSession(ProtocolHandshake.java:128)
at org.openqa.selenium.remote.ProtocolHandshake.createSession(ProtocolHandshake.java:74)
at org.openqa.selenium.remote.HttpCommandExecutor.execute(HttpCommandExecutor.java:136)
at org.openqa.selenium.remote.service.DriverCommandExecutor.execute(DriverCommandExecutor.java:83)
at org.openqa.selenium.remote.RemoteWebDriver.execute(RemoteWebDriver.java:552)
at org.openqa.selenium.remote.RemoteWebDriver.startSession(RemoteWebDriver.java:213)
at org.openqa.selenium.remote.RemoteWebDriver.<init>(RemoteWebDriver.java:131)
at org.openqa.selenium.chrome.ChromeDriver.<init>(ChromeDriver.java:181)
at org.openqa.selenium.chrome.ChromeDriver.<init>(ChromeDriver.java:168)
at org.openqa.selenium.chrome.ChromeDriver.<init>(ChromeDriver.java:123)
at amazon.framework.utility.BrowserFactory.startApplication(BrowserFactory.java:20)
at amazon.framework.testcases.BaseClass.setup(BaseClass.java:44)
at java.base/jdk.internal.reflect.NativeMethodAccessorImpl.invoke0(Native Method)
at java.base/jdk.internal.reflect.NativeMethodAccessorImpl.invoke(NativeMethodAccessorImpl.java:62)
at java.base/jdk.internal.reflect.DelegatingMethodAccessorImpl.invoke(DelegatingMethodAccessorImpl.java:43)
at java.base/java.lang.reflect.Method.invoke(Method.java:566)
at org.testng.internal.MethodInvocationHelper.invokeMethod(MethodInvocationHelper.java:135)
at org.testng.internal.MethodInvocationHelper.invokeMethodConsideringTimeout(MethodInvocationHelper.java:64)
at org.testng.internal.ConfigInvoker.invokeConfigurationMethod(ConfigInvoker.java:364)
at org.testng.internal.ConfigInvoker.invokeConfigurations(ConfigInvoker.java:318)
at org.testng.internal.TestMethodWorker.invokeBeforeClassMethods(TestMethodWorker.java:176)
at org.testng.internal.TestMethodWorker.run(TestMethodWorker.java:122)
at java.base/java.util.ArrayList.forEach(ArrayList.java:1540)
at org.testng.TestRunner.privateRun(TestRunner.java:767)
at org.testng.TestRunner.run(TestRunner.java:588)
at org.testng.SuiteRunner.runTest(SuiteRunner.java:384)
at org.testng.SuiteRunner.runSequentially(SuiteRunner.java:378)
at org.testng.SuiteRunner.privateRun(SuiteRunner.java:337)
at org.testng.SuiteRunner.run(SuiteRunner.java:286)
at org.testng.SuiteRunnerWorker.runSuite(SuiteRunnerWorker.java:53)
at org.testng.SuiteRunnerWorker.run(SuiteRunnerWorker.java:96)
at org.testng.TestNG.runSuitesSequentially(TestNG.java:1214)
at org.testng.TestNG.runSuitesLocally(TestNG.java:1136)
at org.testng.TestNG.runSuites(TestNG.java:1066)
at org.testng.TestNG.run(TestNG.java:1034)
at org.testng.remote.AbstractRemoteTestNG.run(AbstractRemoteTestNG.java:115)
at org.testng.remote.RemoteTestNG.initAndRun(RemoteTestNG.java:251)
at org.testng.remote.RemoteTestNG.main(RemoteTestNG.java:77)
]]>
            </full-stacktrace>
          </exception> <!-- org.openqa.selenium.SessionNotCreatedException -->
          <reporter-output>
          </reporter-output>
        </test-method> <!-- ItemSearchTest3 -->
        <test-method is-config="true" signature="tearDownMethod(org.testng.ITestResult)[pri:0, instance:amazon.framework.testcases.TestItemSearch@f78a47e]" started-at="2020-09-14T00:00:02 IST" name="tearDownMethod" finished-at="1970-01-01T05:30:00 IST" duration-ms="-1600021802058" status="SKIP">
          <reporter-output>
          </reporter-output>
        </test-method> <!-- tearDownMethod -->
        <test-method is-config="true" signature="closeBrowser()[pri:0, instance:amazon.framework.testcases.TestItemSearch@f78a47e]" started-at="2020-09-14T00:00:02 IST" name="closeBrowser" finished-at="1970-01-01T05:30:00 IST" duration-ms="-1600021802066" status="SKIP">
          <reporter-output>
          </reporter-output>
        </test-method> <!-- closeBrowser -->
      </class> <!-- amazon.framework.testcases.TestItemSearch -->
    </test> <!-- Test -->
  </suite> <!-- Suite -->
</testng-results>
